yarn run v1.22.22
$ bash scripts/metro-watchdog.sh
[0;36mMetro Watchdog[0m — restarting on crash or 600s inactivity
  Log: [0;33m/tmp/happy-metro-dev-watchdog-1767496.log[0m
  Stop with: [0;33mpkill -f 'expo start'[0m

[21:55:10] Restarting Metro (initial)
[21:55:12] Metro started (PID 1767565)
yarn run v1.22.22
$ bash scripts/metro-watchdog.sh
[0;36mMetro Watchdog[0m — restarting on crash or 600s inactivity
  Log: [0;33m/tmp/happy-metro-dev-watchdog-1770532.log[0m
  Stop with: [0;33mpkill -f 'expo start'[0m

[21:56:25] Restarting Metro (initial)
[21:56:27] Metro started (PID 1770649)
scripts/metro-watchdog.sh: line 52: File: "/tmp/happy-metro-dev-current.log"
    ID: 73ffbd66f93c4aca Namelen: 255     Type: tmpfs
Block size: 4096       Fundamental block size: 4096
Blocks: Total: 1017003    Free: 957941     Available: 957941
Inodes: Total: 1048576    Free: 1044084
1773262589: syntax error in expression (error token is ": "/tmp/happy-metro-dev-current.log"
    ID: 73ffbd66f93c4aca Namelen: 255     Type: tmpfs
Block size: 4096       Fundamental block size: 4096
Blocks: Total: 1017003    Free: 957941     Available: 957941
Inodes: Total: 1048576    Free: 1044084
1773262589")
error Command failed with exit code 1.
info Visit https://yarnpkg.com/en/docs/cli/run for documentation about this command.
